<?xml version="1.0" encoding="UTF-8"?>
<!-- Generated by org.testng.reporters.JUnitReportReporter -->
<testsuite hostname="HYDL-001259A" failures="0" tests="1" name="Alshifa.OpenMRSHealthService.FunctionalTestCase.LoginTC" time="1.851" errors="0" timestamp="2025-03-11T13:07:31 IST" skipped="0">
  <testcase classname="Alshifa.OpenMRSHealthService.FunctionalTestCase.LoginTC" name="loginFunctionality" time="1.851"/>
</testsuite> <!-- Alshifa.OpenMRSHealthService.FunctionalTestCase.LoginTC -->
